<?xml version="1.0" encoding="UTF-8"?>
<!-- Generated by org.testng.reporters.JUnitXMLReporter -->
<testsuite hostname="SURESHKRISHNAN" name="Test" tests="2" failures="0" timestamp="30 Dec 2017 13:39:25 GMT" time="0.097" errors="0">
  <testcase name="@BeforeMethod setup" time="0.0" classname="com.qa.salesforce.testcases.LoginPageTestCase">
    <failure type="java.lang.NullPointerException">
      <![CDATA[java.lang.NullPointerException
	at com.qa.salesforce.base.TestBase.initialization(TestBase.java:51)
	at com.qa.salesforce.testcases.LoginPageTestCase.setup(LoginPageTestCase.java:29)
... Removed 26 stack frames]]>
    </failure>
  </testcase> <!-- @BeforeMethod setup -->
  <testcase name="@AfterMethod TearDown" time="0.0" classname="com.qa.salesforce.testcases.LoginPageTestCase">
    <skipped/>
  </testcase> <!-- @AfterMethod TearDown -->
  <testcase name="@BeforeMethod setup" time="0.0" classname="com.qa.salesforce.testcases.LoginPageTestCase">
    <skipped/>
  </testcase> <!-- @BeforeMethod setup -->
  <testcase name="@AfterMethod TearDown" time="0.0" classname="com.qa.salesforce.testcases.LoginPageTestCase">
    <skipped/>
  </testcase> <!-- @AfterMethod TearDown -->
  <testcase name="ValidateLogoTest" time="0.003" classname="com.qa.salesforce.testcases.LoginPageTestCase">
    <skipped/>
  </testcase> <!-- ValidateLogoTest -->
  <testcase name="validateLoginTest" time="0.017" classname="com.qa.salesforce.testcases.LoginPageTestCase">
    <skipped/>
  </testcase> <!-- validateLoginTest -->
</testsuite> <!-- Test -->
