<?xml version="1.0" encoding="UTF-8"?>
<!-- Generated by org.testng.reporters.JUnitXMLReporter -->
<testsuite hostname="SURESHKRISHNAN" name="Command line test" tests="2" failures="0" timestamp="30 Dec 2017 12:39:21 GMT" time="0.036" errors="0">
  <testcase name="@BeforeMethod setup" time="0.0" classname="com.qa.salesforce.testcases.LoginPageTestCase">
    <failure type="java.lang.NullPointerException">
      <![CDATA[java.lang.NullPointerException
	at com.qa.salesforce.base.TestBase.initialization(TestBase.java:44)
	at com.qa.salesforce.testcases.LoginPageTestCase.setup(LoginPageTestCase.java:29)
	at org.apache.maven.surefire.testng.TestNGExecutor.run(TestNGExecutor.java:77)
	at org.apache.maven.surefire.testng.TestNGDirectoryTestSuite.execute(TestNGDirectoryTestSuite.java:110)
	at org.apache.maven.surefire.testng.TestNGProvider.invoke(TestNGProvider.java:106)
	at org.apache.maven.surefire.util.ReflectionUtils.invokeMethodWithArray(ReflectionUtils.java:189)
	at org.apache.maven.surefire.booter.ProviderFactory$ProviderProxy.invoke(ProviderFactory.java:165)
	at org.apache.maven.surefire.booter.ProviderFactory.invokeProvider(ProviderFactory.java:85)
	at org.apache.maven.surefire.booter.ForkedBooter.runSuitesInProcess(ForkedBooter.java:115)
	at org.apache.maven.surefire.booter.ForkedBooter.main(ForkedBooter.java:75)
... Removed 27 stack frames]]>
    </failure>
  </testcase> <!-- @BeforeMethod setup -->
  <testcase name="@AfterMethod TearDown" time="0.0" classname="com.qa.salesforce.testcases.LoginPageTestCase">
    <skipped/>
  </testcase> <!-- @AfterMethod TearDown -->
  <testcase name="@BeforeMethod setup" time="0.0" classname="com.qa.salesforce.testcases.LoginPageTestCase">
    <skipped/>
  </testcase> <!-- @BeforeMethod setup -->
  <testcase name="@AfterMethod TearDown" time="0.0" classname="com.qa.salesforce.testcases.LoginPageTestCase">
    <skipped/>
  </testcase> <!-- @AfterMethod TearDown -->
  <testcase name="ValidateLogoTest" time="0.001" classname="com.qa.salesforce.testcases.LoginPageTestCase">
    <skipped/>
  </testcase> <!-- ValidateLogoTest -->
  <testcase name="validateLoginTest" time="0.001" classname="com.qa.salesforce.testcases.LoginPageTestCase">
    <skipped/>
  </testcase> <!-- validateLoginTest -->
</testsuite> <!-- Command line test -->
